<?xml version="1.0" encoding="UTF-8"?>
<!-- Generated by org.testng.reporters.JUnitXMLReporter -->
<testsuite ignored="0" hostname="DESKTOP-PP9JQ79" failures="0" tests="2" name="3" time="0.069" errors="0" timestamp="2022-08-09T12:19:16 IST">
  <testcase classname="comcast.vtiger.generalutility.Baseclass" name="@BeforeClass beforeclass" time="-1.660027755992E9">
    <failure type="org.testng.TestNGException" message="
Parameter &amp;apos;BROWSER&amp;apos; is required by BeforeClass on method beforeclass but has not been marked @Optional or defined
in C:\Users\NEW\eclipse-workspace\SDET39\paralleltestng.xml">
      <![CDATA[org.testng.TestNGException: 
Parameter 'BROWSER' is required by BeforeClass on method beforeclass but has not been marked @Optional or defined
in C:\Users\NEW\eclipse-workspace\SDET39\paralleltestng.xml
at java.base/java.util.ArrayList.forEach(ArrayList.java:1511)
at java.base/java.util.concurrent.FutureTask.run(FutureTask.java:264)
at java.base/java.util.concurrent.ThreadPoolExecutor.runWorker(ThreadPoolExecutor.java:1136)
at java.base/java.util.concurrent.ThreadPoolExecutor$Worker.run(ThreadPoolExecutor.java:635)
at java.base/java.lang.Thread.run(Thread.java:833)
... Removed 13 stack frames]]>
    </failure>
  </testcase> <!-- @BeforeClass beforeclass -->
  <testcase classname="comcast.vtiger.generalutility.Baseclass" name="@BeforeMethod beforemethod" time="-1.66002775602E9">
    <skipped/>
  </testcase> <!-- @BeforeMethod beforemethod -->
  <testcase classname="comcast.vtiger.generalutility.Baseclass" name="@AfterMethod aftermethod" time="-1.660027756028E9">
    <skipped/>
  </testcase> <!-- @AfterMethod aftermethod -->
  <testcase classname="comcast.vtiger.generalutility.Baseclass" name="@BeforeMethod beforemethod" time="-1.660027756032E9">
    <skipped/>
  </testcase> <!-- @BeforeMethod beforemethod -->
  <testcase classname="comcast.vtiger.generalutility.Baseclass" name="@AfterMethod aftermethod" time="-1.660027756039E9">
    <skipped/>
  </testcase> <!-- @AfterMethod aftermethod -->
  <testcase classname="comcast.vtiger.generalutility.Baseclass" name="@AfterClass afterclass" time="-1.660027756042E9">
    <skipped/>
  </testcase> <!-- @AfterClass afterclass -->
  <testcase classname="com.crm.sdet.campaign.CreateCampaignTest" name="createcampaign" time="0.0">
    <skipped/>
  </testcase> <!-- createcampaign -->
  <testcase classname="com.crm.sdet.campaign.CreateCampaignTest" name="samplecreate" time="0.0">
    <skipped/>
  </testcase> <!-- samplecreate -->
</testsuite> <!-- 3 -->
